2022-03-02 15:10:46.844  INFO 11652 --- [main] c.e.s.SpringBootSecuritysApplication     : Starting SpringBootSecuritysApplication using Java 17.0.1 on DESKTOP-N0RKU95 with PID 11652 (D:\2022_java_backend_001\spring_boot\Spring_boot_Aziz_Aka\spring_boot_securitys\target\classes started by IXTIYOR in D:\2022_java_backend_001\spring_boot\Spring_boot_Aziz_Aka\spring_boot_securitys)
2022-03-02 15:10:46.856  INFO 11652 --- [main] c.e.s.SpringBootSecuritysApplication     : No active profile set, falling back to default profiles: default
2022-03-02 15:10:57.473  INFO 11652 --- [main] .s.d.r.c.RepositoryConfigurationDelegate : Bootstrapping Spring Data JPA repositories in DEFAULT mode.
2022-03-02 15:10:57.812  INFO 11652 --- [main] .s.d.r.c.RepositoryConfigurationDelegate : Finished Spring Data repository scanning in 223 ms. Found 2 JPA repository interfaces.
2022-03-02 15:11:01.396  INFO 11652 --- [main] o.s.b.w.embedded.tomcat.TomcatWebServer  : Tomcat initialized with port(s): 8080 (http)
2022-03-02 15:11:01.425  INFO 11652 --- [main] o.apache.catalina.core.StandardService   : Starting service [Tomcat]
2022-03-02 15:11:01.425  INFO 11652 --- [main] org.apache.catalina.core.StandardEngine  : Starting Servlet engine: [Apache Tomcat/9.0.56]
2022-03-02 15:11:01.654  INFO 11652 --- [main] o.a.c.c.C.[Tomcat].[localhost].[/]       : Initializing Spring embedded WebApplicationContext
2022-03-02 15:11:01.655  INFO 11652 --- [main] w.s.c.ServletWebServerApplicationContext : Root WebApplicationContext: initialization completed in 14553 ms
2022-03-02 15:11:01.801  WARN 11652 --- [main] JpaBaseConfiguration$JpaWebConfiguration : spring.jpa.open-in-view is enabled by default. Therefore, database queries may be performed during view rendering. Explicitly configure spring.jpa.open-in-view to disable this warning
2022-03-02 15:11:02.144  INFO 11652 --- [main] com.zaxxer.hikari.HikariDataSource       : HikariPool-1 - Starting...
2022-03-02 15:11:03.141  INFO 11652 --- [main] com.zaxxer.hikari.HikariDataSource       : HikariPool-1 - Start completed.
2022-03-02 15:11:03.849  INFO 11652 --- [main] o.hibernate.jpa.internal.util.LogHelper  : HHH000204: Processing PersistenceUnitInfo [name: default]
2022-03-02 15:11:04.722  INFO 11652 --- [main] org.hibernate.Version                    : HHH000412: Hibernate ORM core version 5.6.4.Final
2022-03-02 15:11:05.891  INFO 11652 --- [main] o.hibernate.annotations.common.Version   : HCANN000001: Hibernate Commons Annotations {5.1.2.Final}
2022-03-02 15:11:07.350  INFO 11652 --- [main] org.hibernate.dialect.Dialect            : HHH000400: Using dialect: org.hibernate.dialect.PostgreSQL10Dialect
2022-03-02 15:11:08.859  WARN 11652 --- [main] o.h.engine.jdbc.spi.SqlExceptionHelper   : SQL Warning Code: 0, SQLState: 00000
2022-03-02 15:11:08.859  WARN 11652 --- [main] o.h.engine.jdbc.spi.SqlExceptionHelper   : отношение "user_role" не существует, пропускается
2022-03-02 15:11:08.862  WARN 11652 --- [main] o.h.engine.jdbc.spi.SqlExceptionHelper   : SQL Warning Code: 0, SQLState: 00000
2022-03-02 15:11:08.863  WARN 11652 --- [main] o.h.engine.jdbc.spi.SqlExceptionHelper   : отношение "user_role" не существует, пропускается
2022-03-02 15:11:08.875  WARN 11652 --- [main] o.h.engine.jdbc.spi.SqlExceptionHelper   : SQL Warning Code: 0, SQLState: 00000
2022-03-02 15:11:08.875  WARN 11652 --- [main] o.h.engine.jdbc.spi.SqlExceptionHelper   : таблица "roles" не существует, пропускается
2022-03-02 15:11:08.877  WARN 11652 --- [main] o.h.engine.jdbc.spi.SqlExceptionHelper   : SQL Warning Code: 0, SQLState: 00000
2022-03-02 15:11:08.877  WARN 11652 --- [main] o.h.engine.jdbc.spi.SqlExceptionHelper   : таблица "user_role" не существует, пропускается
2022-03-02 15:11:08.879  WARN 11652 --- [main] o.h.engine.jdbc.spi.SqlExceptionHelper   : SQL Warning Code: 0, SQLState: 00000
2022-03-02 15:11:08.880  WARN 11652 --- [main] o.h.engine.jdbc.spi.SqlExceptionHelper   : таблица "users" не существует, пропускается
2022-03-02 15:11:09.631  INFO 11652 --- [main] o.h.e.t.j.p.i.JtaPlatformInitiator       : HHH000490: Using JtaPlatform implementation: [org.hibernate.engine.transaction.jta.platform.internal.NoJtaPlatform]
2022-03-02 15:11:09.655  INFO 11652 --- [main] j.LocalContainerEntityManagerFactoryBean : Initialized JPA EntityManagerFactory for persistence unit 'default'
2022-03-02 15:11:11.657  INFO 11652 --- [main] o.s.s.web.DefaultSecurityFilterChain     : Will secure any request with [org.springframework.security.web.context.request.async.WebAsyncManagerIntegrationFilter@36885319, org.springframework.security.web.context.SecurityContextPersistenceFilter@59929ac, org.springframework.security.web.header.HeaderWriterFilter@3ddac0b6, org.springframework.web.filter.CorsFilter@62a81453, org.springframework.security.web.authentication.logout.LogoutFilter@33bfe6d3, com.example.spring_boot_securitys.security.JwtAuthenticationFilter@dd9de63, org.springframework.security.web.savedrequest.RequestCacheAwareFilter@18f13756, org.springframework.security.web.servletapi.SecurityContextHolderAwareRequestFilter@6bf28f61, org.springframework.security.web.authentication.AnonymousAuthenticationFilter@4bab804f, org.springframework.security.web.session.SessionManagementFilter@337cb81d, org.springframework.security.web.access.ExceptionTranslationFilter@7cbfbcd1, org.springframework.security.web.access.intercept.FilterSecurityInterceptor@5847010]
2022-03-02 15:11:11.981  WARN 11652 --- [main] ion$DefaultTemplateResolverConfiguration : Cannot find template location: classpath:/templates/ (please add some templates or check your Thymeleaf configuration)
2022-03-02 15:11:12.306  INFO 11652 --- [main] o.s.b.w.embedded.tomcat.TomcatWebServer  : Tomcat started on port(s): 8080 (http) with context path ''
2022-03-02 15:11:12.324  INFO 11652 --- [main] c.e.s.SpringBootSecuritysApplication     : Started SpringBootSecuritysApplication in 26.911 seconds (JVM running for 37.86)
2022-03-02 15:13:08.081  INFO 11652 --- [http-nio-8080-exec-2] o.a.c.c.C.[Tomcat].[localhost].[/]       : Initializing Spring DispatcherServlet 'dispatcherServlet'
2022-03-02 15:13:08.083  INFO 11652 --- [http-nio-8080-exec-2] o.s.web.servlet.DispatcherServlet        : Initializing Servlet 'dispatcherServlet'
2022-03-02 15:13:08.087  INFO 11652 --- [http-nio-8080-exec-2] o.s.web.servlet.DispatcherServlet        : Completed initialization in 3 ms
2022-03-02 15:13:37.733 ERROR 11652 --- [http-nio-8080-exec-4] c.e.s.s.JwtAuthenticationEntryPoint      : Responding with unauthorized error. Message - Full authentication is required to access this resource
2022-03-02 15:13:43.319 ERROR 11652 --- [http-nio-8080-exec-5] c.e.s.s.JwtAuthenticationEntryPoint      : Responding with unauthorized error. Message - Full authentication is required to access this resource
2022-03-02 15:13:56.979  INFO 11652 --- [SpringApplicationShutdownHook] j.LocalContainerEntityManagerFactoryBean : Closing JPA EntityManagerFactory for persistence unit 'default'
2022-03-02 15:13:57.004  INFO 11652 --- [SpringApplicationShutdownHook] com.zaxxer.hikari.HikariDataSource       : HikariPool-1 - Shutdown initiated...
2022-03-02 15:13:57.095  INFO 11652 --- [SpringApplicationShutdownHook] com.zaxxer.hikari.HikariDataSource       : HikariPool-1 - Shutdown completed.
